<?xml version="1.0" encoding="UTF-8"?>
<!-- Generated by org.testng.reporters.JUnitReportReporter -->
<testsuite hostname="Pratik" failures="0" tests="1" name="Task.search" time="4.621" errors="0" timestamp="2024-08-21T16:22:00 IST" skipped="0">
  <testcase classname="Task.search" name="tc1" time="4.621"/>
  <system-out/>
</testsuite> <!-- Task.search -->
